#! /opt/homebrew/Cellar/icarus-verilog/12.0/bin/vvp
:ivl_version "12.0 (stable)";
:ivl_delay_selection "TYPICAL";
:vpi_time_precision + 0;
:vpi_module "/opt/homebrew/Cellar/icarus-verilog/12.0/lib/ivl/system.vpi";
:vpi_module "/opt/homebrew/Cellar/icarus-verilog/12.0/lib/ivl/vhdl_sys.vpi";
:vpi_module "/opt/homebrew/Cellar/icarus-verilog/12.0/lib/ivl/vhdl_textio.vpi";
:vpi_module "/opt/homebrew/Cellar/icarus-verilog/12.0/lib/ivl/v2005_math.vpi";
:vpi_module "/opt/homebrew/Cellar/icarus-verilog/12.0/lib/ivl/va_math.vpi";
S_0x1516076f0 .scope module, "TB" "TB" 2 1;
 .timescale 0 0;
v0x151636e80_0 .var "clk", 0 0;
v0x151636f40_0 .net "direction", 0 0, v0x1516366b0_0;  1 drivers
v0x151636fd0_0 .var "in_btn", 4 0;
v0x151637080_0 .var "in_snsr", 4 0;
v0x151637130_0 .net "motor", 0 0, v0x151636b60_0;  1 drivers
v0x151637200_0 .var "out_btn", 4 0;
v0x1516372b0_0 .var "out_snsr", 4 0;
v0x151637360_0 .var "reset", 0 0;
S_0x151610f60 .scope module, "elevator" "Elevator" 2 8, 3 1 0, S_0x1516076f0;
 .timescale 0 0;
    .port_info 0 /INPUT 1 "clk";
    .port_info 1 /INPUT 5 "in_btn";
    .port_info 2 /INPUT 5 "out_btn";
    .port_info 3 /INPUT 5 "in_snsr";
    .port_info 4 /INPUT 5 "out_snsr";
    .port_info 5 /INPUT 1 "reset";
    .port_info 6 /OUTPUT 1 "direction";
    .port_info 7 /OUTPUT 1 "motor";
v0x151607860_0 .var "above", 0 0;
v0x1516364d0_0 .var "below", 0 0;
v0x151636570_0 .var "boundary_floor", 2 0;
v0x151636610_0 .net "clk", 0 0, v0x151636e80_0;  1 drivers
v0x1516366b0_0 .var "direction", 0 0;
v0x151636790_0 .var "floor_requests", 4 0;
v0x151636840_0 .var/i "floor_timer", 31 0;
v0x1516368f0_0 .var/i "i", 31 0;
v0x1516369a0_0 .net "in_btn", 4 0, v0x151636fd0_0;  1 drivers
v0x151636ab0_0 .net "in_snsr", 4 0, v0x151637080_0;  1 drivers
v0x151636b60_0 .var "motor", 0 0;
v0x151636c00_0 .net "out_btn", 4 0, v0x151637200_0;  1 drivers
v0x151636cb0_0 .net "out_snsr", 4 0, v0x1516372b0_0;  1 drivers
v0x151636d60_0 .net "reset", 0 0, v0x151637360_0;  1 drivers
E_0x151607c70 .event posedge, v0x151636d60_0, v0x151636610_0;
    .scope S_0x151610f60;
T_0 ;
    %wait E_0x151607c70;
    %load/vec4 v0x151636d60_0;
    %flag_set/vec4 8;
    %jmp/0xz  T_0.0, 8;
    %pushi/vec4 0, 0, 3;
    %store/vec4 v0x151636570_0, 0, 3;
    %pushi/vec4 0, 0, 5;
    %store/vec4 v0x151636790_0, 0, 5;
    %pushi/vec4 0, 0, 32;
    %store/vec4 v0x151636840_0, 0, 32;
    %pushi/vec4 0, 0, 1;
    %store/vec4 v0x151607860_0, 0, 1;
    %pushi/vec4 0, 0, 1;
    %store/vec4 v0x1516364d0_0, 0, 1;
    %pushi/vec4 0, 0, 1;
    %store/vec4 v0x1516366b0_0, 0, 1;
    %pushi/vec4 0, 0, 1;
    %store/vec4 v0x151636b60_0, 0, 1;
    %jmp T_0.1;
T_0.0 ;
    %pushi/vec4 0, 0, 32;
    %store/vec4 v0x1516368f0_0, 0, 32;
T_0.2 ;
    %load/vec4 v0x1516368f0_0;
    %cmpi/s 5, 0, 32;
    %jmp/0xz T_0.3, 5;
    %load/vec4 v0x1516369a0_0;
    %load/vec4 v0x1516368f0_0;
    %part/s 1;
    %flag_set/vec4 8;
    %jmp/1 T_0.6, 8;
    %load/vec4 v0x151636c00_0;
    %load/vec4 v0x1516368f0_0;
    %part/s 1;
    %flag_set/vec4 9;
    %flag_or 8, 9;
T_0.6;
    %jmp/0xz  T_0.4, 8;
    %pushi/vec4 1, 0, 1;
    %ix/getv/s 4, v0x1516368f0_0;
    %store/vec4 v0x151636790_0, 4, 1;
T_0.4 ;
    %load/vec4 v0x1516368f0_0;
    %addi 1, 0, 32;
    %store/vec4 v0x1516368f0_0, 0, 32;
    %jmp T_0.2;
T_0.3 ;
    %pushi/vec4 0, 0, 1;
    %store/vec4 v0x151607860_0, 0, 1;
    %pushi/vec4 0, 0, 1;
    %store/vec4 v0x1516364d0_0, 0, 1;
    %pushi/vec4 0, 0, 32;
    %store/vec4 v0x1516368f0_0, 0, 32;
T_0.7 ;
    %load/vec4 v0x1516368f0_0;
    %cmpi/s 5, 0, 32;
    %jmp/0xz T_0.8, 5;
    %load/vec4 v0x151636790_0;
    %load/vec4 v0x1516368f0_0;
    %part/s 1;
    %flag_set/vec4 8;
    %jmp/0xz  T_0.9, 8;
    %load/vec4 v0x151636570_0;
    %pad/u 32;
    %load/vec4 v0x1516368f0_0;
    %cmp/u;
    %jmp/0xz  T_0.11, 5;
    %pushi/vec4 1, 0, 1;
    %store/vec4 v0x151607860_0, 0, 1;
T_0.11 ;
    %load/vec4 v0x1516368f0_0;
    %load/vec4 v0x151636570_0;
    %pad/u 32;
    %cmp/u;
    %jmp/0xz  T_0.13, 5;
    %pushi/vec4 1, 0, 1;
    %store/vec4 v0x1516364d0_0, 0, 1;
T_0.13 ;
T_0.9 ;
    %load/vec4 v0x1516368f0_0;
    %addi 1, 0, 32;
    %store/vec4 v0x1516368f0_0, 0, 32;
    %jmp T_0.7;
T_0.8 ;
    %load/vec4 v0x151636840_0;
    %cmpi/s 0, 0, 32;
    %flag_or 5, 4; GT is !LE
    %flag_inv 5;
    %jmp/0xz  T_0.15, 5;
    %load/vec4 v0x151636840_0;
    %subi 1, 0, 32;
    %store/vec4 v0x151636840_0, 0, 32;
    %jmp T_0.16;
T_0.15 ;
    %load/vec4 v0x151636ab0_0;
    %pad/u 32;
    %cmpi/ne 0, 0, 32;
    %flag_get/vec4 4;
    %jmp/0 T_0.19, 4;
    %load/vec4 v0x151636cb0_0;
    %pad/u 32;
    %pushi/vec4 0, 0, 32;
    %cmp/ne;
    %flag_get/vec4 4;
    %and;
T_0.19;
    %flag_set/vec4 8;
    %jmp/0xz  T_0.17, 8;
    %load/vec4 v0x151636ab0_0;
    %parti/s 1, 0, 2;
    %pad/u 32;
    %cmpi/e 1, 0, 32;
    %flag_mov 8, 4;
    %jmp/0 T_0.20, 8;
    %pushi/vec4 0, 0, 4;
    %jmp/1 T_0.21, 8;
T_0.20 ; End of true expr.
    %load/vec4 v0x151636ab0_0;
    %parti/s 1, 1, 2;
    %pad/u 32;
    %cmpi/e 1, 0, 32;
    %flag_mov 9, 4;
    %jmp/0 T_0.22, 9;
    %pushi/vec4 1, 0, 4;
    %jmp/1 T_0.23, 9;
T_0.22 ; End of true expr.
    %load/vec4 v0x151636ab0_0;
    %parti/s 1, 2, 3;
    %pad/u 32;
    %cmpi/e 1, 0, 32;
    %flag_mov 10, 4;
    %jmp/0 T_0.24, 10;
    %pushi/vec4 2, 0, 4;
    %jmp/1 T_0.25, 10;
T_0.24 ; End of true expr.
    %load/vec4 v0x151636ab0_0;
    %parti/s 1, 3, 3;
    %pad/u 32;
    %cmpi/e 1, 0, 32;
    %flag_mov 11, 4;
    %jmp/0 T_0.26, 11;
    %pushi/vec4 3, 0, 4;
    %jmp/1 T_0.27, 11;
T_0.26 ; End of true expr.
    %pushi/vec4 4, 0, 4;
    %jmp/0 T_0.27, 11;
 ; End of false expr.
    %blend;
T_0.27;
    %jmp/0 T_0.25, 10;
 ; End of false expr.
    %blend;
T_0.25;
    %jmp/0 T_0.23, 9;
 ; End of false expr.
    %blend;
T_0.23;
    %jmp/0 T_0.21, 8;
 ; End of false expr.
    %blend;
T_0.21;
    %pad/s 3;
    %store/vec4 v0x151636570_0, 0, 3;
    %load/vec4 v0x151607860_0;
    %load/vec4 v0x1516364d0_0;
    %cmp/ne;
    %jmp/0xz  T_0.28, 4;
    %load/vec4 v0x151607860_0;
    %pad/u 32;
    %cmpi/e 1, 0, 32;
    %flag_mov 8, 4;
    %jmp/0 T_0.30, 8;
    %pushi/vec4 1, 0, 2;
    %jmp/1 T_0.31, 8;
T_0.30 ; End of true expr.
    %pushi/vec4 0, 0, 2;
    %jmp/0 T_0.31, 8;
 ; End of false expr.
    %blend;
T_0.31;
    %pad/s 1;
    %store/vec4 v0x1516366b0_0, 0, 1;
T_0.28 ;
    %load/vec4 v0x151636790_0;
    %load/vec4 v0x151636570_0;
    %part/u 1;
    %pad/u 32;
    %cmpi/e 1, 0, 32;
    %jmp/0xz  T_0.32, 4;
    %pushi/vec4 0, 0, 1;
    %store/vec4 v0x151636b60_0, 0, 1;
    %pushi/vec4 100, 0, 32;
    %store/vec4 v0x151636840_0, 0, 32;
    %pushi/vec4 0, 0, 1;
    %ix/getv 4, v0x151636570_0;
    %store/vec4 v0x151636790_0, 4, 1;
    %jmp T_0.33;
T_0.32 ;
    %load/vec4 v0x151636570_0;
    %pad/u 32;
    %cmpi/e 0, 0, 32;
    %flag_get/vec4 4;
    %jmp/0 T_0.37, 4;
    %load/vec4 v0x1516366b0_0;
    %pad/u 32;
    %pushi/vec4 0, 0, 32;
    %cmp/e;
    %flag_get/vec4 4;
    %and;
T_0.37;
    %flag_set/vec4 8;
    %jmp/1 T_0.36, 8;
    %load/vec4 v0x151636570_0;
    %pad/u 32;
    %cmpi/e 4, 0, 32;
    %flag_get/vec4 4;
    %jmp/0 T_0.38, 4;
    %load/vec4 v0x1516366b0_0;
    %pad/u 32;
    %pushi/vec4 1, 0, 32;
    %cmp/e;
    %flag_get/vec4 4;
    %and;
T_0.38;
    %flag_set/vec4 9;
    %flag_or 8, 9;
T_0.36;
    %jmp/0xz  T_0.34, 8;
    %pushi/vec4 0, 0, 1;
    %store/vec4 v0x151636b60_0, 0, 1;
    %jmp T_0.35;
T_0.34 ;
    %pushi/vec4 1, 0, 1;
    %store/vec4 v0x151636b60_0, 0, 1;
T_0.35 ;
T_0.33 ;
T_0.17 ;
T_0.16 ;
T_0.1 ;
    %jmp T_0;
    .thread T_0;
    .scope S_0x1516076f0;
T_1 ;
    %pushi/vec4 0, 0, 1;
    %store/vec4 v0x151636e80_0, 0, 1;
    %end;
    .thread T_1;
    .scope S_0x1516076f0;
T_2 ;
    %delay 5, 0;
    %load/vec4 v0x151636e80_0;
    %inv;
    %store/vec4 v0x151636e80_0, 0, 1;
    %jmp T_2;
    .thread T_2;
    .scope S_0x1516076f0;
T_3 ;
    %pushi/vec4 0, 0, 5;
    %store/vec4 v0x151636fd0_0, 0, 5;
    %pushi/vec4 0, 0, 5;
    %store/vec4 v0x151637200_0, 0, 5;
    %pushi/vec4 0, 0, 5;
    %store/vec4 v0x151637080_0, 0, 5;
    %pushi/vec4 0, 0, 5;
    %store/vec4 v0x1516372b0_0, 0, 5;
    %pushi/vec4 1, 0, 1;
    %store/vec4 v0x151637360_0, 0, 1;
    %delay 100, 0;
    %pushi/vec4 0, 0, 1;
    %store/vec4 v0x151637360_0, 0, 1;
    %delay 100, 0;
    %pushi/vec4 1, 0, 1;
    %ix/load 4, 0, 0;
    %flag_set/imm 4, 0;
    %store/vec4 v0x151637080_0, 4, 1;
    %pushi/vec4 1, 0, 1;
    %ix/load 4, 0, 0;
    %flag_set/imm 4, 0;
    %store/vec4 v0x1516372b0_0, 4, 1;
    %delay 100, 0;
    %pushi/vec4 1, 0, 1;
    %ix/load 4, 3, 0;
    %flag_set/imm 4, 0;
    %store/vec4 v0x151637200_0, 4, 1;
    %delay 30, 0;
    %pushi/vec4 0, 0, 1;
    %ix/load 4, 3, 0;
    %flag_set/imm 4, 0;
    %store/vec4 v0x151637200_0, 4, 1;
    %delay 20, 0;
    %pushi/vec4 0, 0, 1;
    %ix/load 4, 0, 0;
    %flag_set/imm 4, 0;
    %store/vec4 v0x151637080_0, 4, 1;
    %delay 50, 0;
    %pushi/vec4 0, 0, 1;
    %ix/load 4, 0, 0;
    %flag_set/imm 4, 0;
    %store/vec4 v0x1516372b0_0, 4, 1;
    %delay 100, 0;
    %pushi/vec4 1, 0, 1;
    %ix/load 4, 1, 0;
    %flag_set/imm 4, 0;
    %store/vec4 v0x151637080_0, 4, 1;
    %delay 50, 0;
    %pushi/vec4 1, 0, 1;
    %ix/load 4, 1, 0;
    %flag_set/imm 4, 0;
    %store/vec4 v0x1516372b0_0, 4, 1;
    %delay 50, 0;
    %pushi/vec4 0, 0, 1;
    %ix/load 4, 1, 0;
    %flag_set/imm 4, 0;
    %store/vec4 v0x151637080_0, 4, 1;
    %delay 50, 0;
    %pushi/vec4 0, 0, 1;
    %ix/load 4, 1, 0;
    %flag_set/imm 4, 0;
    %store/vec4 v0x1516372b0_0, 4, 1;
    %delay 50, 0;
    %pushi/vec4 1, 0, 1;
    %ix/load 4, 4, 0;
    %flag_set/imm 4, 0;
    %store/vec4 v0x151637200_0, 4, 1;
    %delay 30, 0;
    %pushi/vec4 0, 0, 1;
    %ix/load 4, 4, 0;
    %flag_set/imm 4, 0;
    %store/vec4 v0x151637200_0, 4, 1;
    %delay 20, 0;
    %pushi/vec4 1, 0, 1;
    %ix/load 4, 2, 0;
    %flag_set/imm 4, 0;
    %store/vec4 v0x151637080_0, 4, 1;
    %delay 50, 0;
    %pushi/vec4 1, 0, 1;
    %ix/load 4, 2, 0;
    %flag_set/imm 4, 0;
    %store/vec4 v0x1516372b0_0, 4, 1;
    %delay 50, 0;
    %pushi/vec4 0, 0, 1;
    %ix/load 4, 2, 0;
    %flag_set/imm 4, 0;
    %store/vec4 v0x151637080_0, 4, 1;
    %delay 50, 0;
    %pushi/vec4 0, 0, 1;
    %ix/load 4, 2, 0;
    %flag_set/imm 4, 0;
    %store/vec4 v0x1516372b0_0, 4, 1;
    %delay 100, 0;
    %pushi/vec4 1, 0, 1;
    %ix/load 4, 3, 0;
    %flag_set/imm 4, 0;
    %store/vec4 v0x151637080_0, 4, 1;
    %delay 50, 0;
    %pushi/vec4 1, 0, 1;
    %ix/load 4, 3, 0;
    %flag_set/imm 4, 0;
    %store/vec4 v0x1516372b0_0, 4, 1;
    %delay 1000, 0;
    %delay 50, 0;
    %pushi/vec4 0, 0, 1;
    %ix/load 4, 3, 0;
    %flag_set/imm 4, 0;
    %store/vec4 v0x151637080_0, 4, 1;
    %delay 50, 0;
    %pushi/vec4 0, 0, 1;
    %ix/load 4, 3, 0;
    %flag_set/imm 4, 0;
    %store/vec4 v0x1516372b0_0, 4, 1;
    %delay 50, 0;
    %pushi/vec4 1, 0, 1;
    %ix/load 4, 0, 0;
    %flag_set/imm 4, 0;
    %store/vec4 v0x151636fd0_0, 4, 1;
    %delay 30, 0;
    %pushi/vec4 0, 0, 1;
    %ix/load 4, 0, 0;
    %flag_set/imm 4, 0;
    %store/vec4 v0x151636fd0_0, 4, 1;
    %delay 20, 0;
    %pushi/vec4 1, 0, 1;
    %ix/load 4, 4, 0;
    %flag_set/imm 4, 0;
    %store/vec4 v0x151637080_0, 4, 1;
    %delay 50, 0;
    %pushi/vec4 1, 0, 1;
    %ix/load 4, 4, 0;
    %flag_set/imm 4, 0;
    %store/vec4 v0x1516372b0_0, 4, 1;
    %delay 1000, 0;
    %delay 50, 0;
    %pushi/vec4 0, 0, 1;
    %ix/load 4, 4, 0;
    %flag_set/imm 4, 0;
    %store/vec4 v0x151637080_0, 4, 1;
    %delay 50, 0;
    %pushi/vec4 0, 0, 1;
    %ix/load 4, 4, 0;
    %flag_set/imm 4, 0;
    %store/vec4 v0x1516372b0_0, 4, 1;
    %delay 100, 0;
    %pushi/vec4 1, 0, 1;
    %ix/load 4, 3, 0;
    %flag_set/imm 4, 0;
    %store/vec4 v0x151637080_0, 4, 1;
    %delay 50, 0;
    %pushi/vec4 1, 0, 1;
    %ix/load 4, 3, 0;
    %flag_set/imm 4, 0;
    %store/vec4 v0x1516372b0_0, 4, 1;
    %delay 50, 0;
    %pushi/vec4 0, 0, 1;
    %ix/load 4, 3, 0;
    %flag_set/imm 4, 0;
    %store/vec4 v0x151637080_0, 4, 1;
    %delay 50, 0;
    %pushi/vec4 0, 0, 1;
    %ix/load 4, 3, 0;
    %flag_set/imm 4, 0;
    %store/vec4 v0x1516372b0_0, 4, 1;
    %delay 50, 0;
    %pushi/vec4 1, 0, 1;
    %ix/load 4, 1, 0;
    %flag_set/imm 4, 0;
    %store/vec4 v0x151636fd0_0, 4, 1;
    %delay 30, 0;
    %pushi/vec4 0, 0, 1;
    %ix/load 4, 1, 0;
    %flag_set/imm 4, 0;
    %store/vec4 v0x151636fd0_0, 4, 1;
    %delay 20, 0;
    %pushi/vec4 1, 0, 1;
    %ix/load 4, 2, 0;
    %flag_set/imm 4, 0;
    %store/vec4 v0x151637080_0, 4, 1;
    %delay 50, 0;
    %pushi/vec4 1, 0, 1;
    %ix/load 4, 2, 0;
    %flag_set/imm 4, 0;
    %store/vec4 v0x1516372b0_0, 4, 1;
    %delay 50, 0;
    %pushi/vec4 0, 0, 1;
    %ix/load 4, 2, 0;
    %flag_set/imm 4, 0;
    %store/vec4 v0x151637080_0, 4, 1;
    %delay 50, 0;
    %pushi/vec4 0, 0, 1;
    %ix/load 4, 2, 0;
    %flag_set/imm 4, 0;
    %store/vec4 v0x1516372b0_0, 4, 1;
    %delay 100, 0;
    %pushi/vec4 1, 0, 1;
    %ix/load 4, 1, 0;
    %flag_set/imm 4, 0;
    %store/vec4 v0x151637080_0, 4, 1;
    %delay 50, 0;
    %pushi/vec4 1, 0, 1;
    %ix/load 4, 1, 0;
    %flag_set/imm 4, 0;
    %store/vec4 v0x1516372b0_0, 4, 1;
    %delay 1000, 0;
    %delay 50, 0;
    %pushi/vec4 0, 0, 1;
    %ix/load 4, 1, 0;
    %flag_set/imm 4, 0;
    %store/vec4 v0x151637080_0, 4, 1;
    %delay 50, 0;
    %pushi/vec4 0, 0, 1;
    %ix/load 4, 1, 0;
    %flag_set/imm 4, 0;
    %store/vec4 v0x1516372b0_0, 4, 1;
    %delay 100, 0;
    %pushi/vec4 1, 0, 1;
    %ix/load 4, 0, 0;
    %flag_set/imm 4, 0;
    %store/vec4 v0x151637080_0, 4, 1;
    %delay 50, 0;
    %pushi/vec4 1, 0, 1;
    %ix/load 4, 0, 0;
    %flag_set/imm 4, 0;
    %store/vec4 v0x1516372b0_0, 4, 1;
    %delay 50, 0;
    %delay 100, 0;
    %vpi_call 2 100 "$finish" {0 0 0};
    %end;
    .thread T_3;
    .scope S_0x1516076f0;
T_4 ;
    %vpi_call 2 104 "$dumpfile", "result.vcd" {0 0 0};
    %vpi_call 2 105 "$dumpvars", 32'sb00000000000000000000000000000000, S_0x1516076f0 {0 0 0};
    %end;
    .thread T_4;
# The file index is used to find the file name in the following table.
:file_names 4;
    "N/A";
    "<interactive>";
    "tb.v";
    "elevator.v";
